d:\代码\hh\进击的兔兔\x64\debug\vc143.pdb
d:\代码\hh\进击的兔兔\x64\debug\vc143.idb
d:\代码\hh\进击的兔兔\x64\debug\测试.obj
d:\代码\hh\进击的兔兔\x64\debug\unit.obj
d:\代码\hh\进击的兔兔\x64\debug\tmp.obj
d:\代码\hh\进击的兔兔\x64\debug\timer.obj
d:\代码\hh\进击的兔兔\x64\debug\sword.obj
d:\代码\hh\进击的兔兔\x64\debug\scene.obj
d:\代码\hh\进击的兔兔\x64\debug\role.obj
d:\代码\hh\进击的兔兔\x64\debug\object.obj
d:\代码\hh\进击的兔兔\x64\debug\main.obj
d:\代码\hh\进击的兔兔\x64\debug\game.obj
d:\代码\hh\进击的兔兔\x64\debug\enemy.obj
d:\代码\hh\进击的兔兔\x64\debug\bullet.obj
d:\代码\hh\进击的兔兔\x64\debug\进击的兔兔.ilk
d:\代码\hh\进击的兔兔\x64\debug\进击的兔兔.exe
d:\代码\hh\进击的兔兔\x64\debug\进击的兔兔.pdb
d:\代码\hh\进击的兔兔\x64\debug\进击的兔兔.tlog\cl.command.1.tlog
d:\代码\hh\进击的兔兔\x64\debug\进击的兔兔.tlog\cl.items.tlog
d:\代码\hh\进击的兔兔\x64\debug\进击的兔兔.tlog\cl.read.1.tlog
d:\代码\hh\进击的兔兔\x64\debug\进击的兔兔.tlog\cl.write.1.tlog
d:\代码\hh\进击的兔兔\x64\debug\进击的兔兔.tlog\link.command.1.tlog
d:\代码\hh\进击的兔兔\x64\debug\进击的兔兔.tlog\link.read.1.tlog
d:\代码\hh\进击的兔兔\x64\debug\进击的兔兔.tlog\link.write.1.tlog
