d:\代码\hh\进击的兔兔\x64\release\vc143.pdb
d:\代码\hh\进击的兔兔\x64\release\测试.obj
d:\代码\hh\进击的兔兔\x64\release\unit.obj
d:\代码\hh\进击的兔兔\x64\release\tmp.obj
d:\代码\hh\进击的兔兔\x64\release\timer.obj
d:\代码\hh\进击的兔兔\x64\release\sword.obj
d:\代码\hh\进击的兔兔\x64\release\scene.obj
d:\代码\hh\进击的兔兔\x64\release\role.obj
d:\代码\hh\进击的兔兔\x64\release\object.obj
d:\代码\hh\进击的兔兔\x64\release\main.obj
d:\代码\hh\进击的兔兔\x64\release\game.obj
d:\代码\hh\进击的兔兔\x64\release\enemy.obj
d:\代码\hh\进击的兔兔\x64\release\bullet.obj
d:\代码\hh\进击的兔兔\x64\release\进击的兔兔.exe
d:\代码\hh\进击的兔兔\x64\release\进击的兔兔.pdb
d:\代码\hh\进击的兔兔\x64\release\进击的兔兔.ipdb
d:\代码\hh\进击的兔兔\x64\release\进击的兔兔.iobj
d:\代码\hh\进击的兔兔\x64\release\进击的兔兔.tlog\cl.command.1.tlog
d:\代码\hh\进击的兔兔\x64\release\进击的兔兔.tlog\cl.items.tlog
d:\代码\hh\进击的兔兔\x64\release\进击的兔兔.tlog\cl.read.1.tlog
d:\代码\hh\进击的兔兔\x64\release\进击的兔兔.tlog\cl.write.1.tlog
d:\代码\hh\进击的兔兔\x64\release\进击的兔兔.tlog\link.command.1.tlog
d:\代码\hh\进击的兔兔\x64\release\进击的兔兔.tlog\link.read.1.tlog
d:\代码\hh\进击的兔兔\x64\release\进击的兔兔.tlog\link.write.1.tlog
d:\代码\hh\进击的兔兔\x64\release\进击的兔兔.tlog\link.write.2u.tlog
